<?xml version="1.0" encoding="UTF-8"?>
<testsuite name="i.ua.test.LoginTest" tests="1" skipped="0" failures="0" errors="0" timestamp="2020-07-25T08:08:20" hostname="FAMILY-PC" time="17.029">
  <properties/>
  <testcase name="userCanLogin" classname="i.ua.test.LoginTest" time="17.029"/>
  <system-out><![CDATA[]]></system-out>
  <system-err><![CDATA[]]></system-err>
</testsuite>
